c:\users\mstratton\onedrive - neumont college of computer science\neumont\year 2\q1 (fall)\computer graphics\visual studio projects\gat350-raytracer\temp\vc143.pdb
c:\users\mstratton\onedrive - neumont college of computer science\neumont\year 2\q1 (fall)\computer graphics\visual studio projects\gat350-raytracer\temp\vc143.idb
c:\users\mstratton\onedrive - neumont college of computer science\neumont\year 2\q1 (fall)\computer graphics\visual studio projects\gat350-raytracer\temp\sphere.obj
c:\users\mstratton\onedrive - neumont college of computer science\neumont\year 2\q1 (fall)\computer graphics\visual studio projects\gat350-raytracer\temp\scene.obj
c:\users\mstratton\onedrive - neumont college of computer science\neumont\year 2\q1 (fall)\computer graphics\visual studio projects\gat350-raytracer\temp\renderer.obj
c:\users\mstratton\onedrive - neumont college of computer science\neumont\year 2\q1 (fall)\computer graphics\visual studio projects\gat350-raytracer\temp\material.obj
c:\users\mstratton\onedrive - neumont college of computer science\neumont\year 2\q1 (fall)\computer graphics\visual studio projects\gat350-raytracer\temp\main.obj
c:\users\mstratton\onedrive - neumont college of computer science\neumont\year 2\q1 (fall)\computer graphics\visual studio projects\gat350-raytracer\temp\canvas.obj
c:\users\mstratton\onedrive - neumont college of computer science\neumont\year 2\q1 (fall)\computer graphics\visual studio projects\gat350-raytracer\temp\camera.obj
c:\users\mstratton\onedrive - neumont college of computer science\neumont\year 2\q1 (fall)\computer graphics\visual studio projects\gat350-raytracer\temp\triangle.obj
c:\users\mstratton\onedrive - neumont college of computer science\neumont\year 2\q1 (fall)\computer graphics\visual studio projects\gat350-raytracer\temp\plane.obj
c:\users\mstratton\onedrive - neumont college of computer science\neumont\year 2\q1 (fall)\computer graphics\visual studio projects\gat350-raytracer\temp\dielectric.obj
c:\users\mstratton\onedrive - neumont college of computer science\neumont\year 2\q1 (fall)\computer graphics\visual studio projects\gat350-raytracer\temp\mesh.obj
c:\users\mstratton\onedrive - neumont college of computer science\neumont\year 2\q1 (fall)\computer graphics\visual studio projects\gat350-raytracer\bin\gat-raytracer.exe
c:\users\mstratton\onedrive - neumont college of computer science\neumont\year 2\q1 (fall)\computer graphics\visual studio projects\gat350-raytracer\temp\gat-raytracer.ilk
c:\users\mstratton\onedrive - neumont college of computer science\neumont\year 2\q1 (fall)\computer graphics\visual studio projects\gat350-raytracer\bin\gat-raytracer.pdb
c:\users\mstratton\onedrive - neumont college of computer science\neumont\year 2\q1 (fall)\computer graphics\visual studio projects\gat350-raytracer\temp\raytracer.ilk
c:\users\mstratton\onedrive - neumont college of computer science\neumont\year 2\q1 (fall)\computer graphics\visual studio projects\gat350-raytracer\temp\raytracer.vcxproj.filelistabsolute.txt
c:\users\mstratton\onedrive - neumont college of computer science\neumont\year 2\q1 (fall)\computer graphics\visual studio projects\gat350-raytracer\temp\gat-raytracer.tlog\cl.command.1.tlog
c:\users\mstratton\onedrive - neumont college of computer science\neumont\year 2\q1 (fall)\computer graphics\visual studio projects\gat350-raytracer\temp\gat-raytracer.tlog\cl.items.tlog
c:\users\mstratton\onedrive - neumont college of computer science\neumont\year 2\q1 (fall)\computer graphics\visual studio projects\gat350-raytracer\temp\gat-raytracer.tlog\cl.read.1.tlog
c:\users\mstratton\onedrive - neumont college of computer science\neumont\year 2\q1 (fall)\computer graphics\visual studio projects\gat350-raytracer\temp\gat-raytracer.tlog\cl.write.1.tlog
c:\users\mstratton\onedrive - neumont college of computer science\neumont\year 2\q1 (fall)\computer graphics\visual studio projects\gat350-raytracer\temp\gat-raytracer.tlog\link.command.1.tlog
c:\users\mstratton\onedrive - neumont college of computer science\neumont\year 2\q1 (fall)\computer graphics\visual studio projects\gat350-raytracer\temp\gat-raytracer.tlog\link.read.1.tlog
c:\users\mstratton\onedrive - neumont college of computer science\neumont\year 2\q1 (fall)\computer graphics\visual studio projects\gat350-raytracer\temp\gat-raytracer.tlog\link.write.1.tlog
